Build started 25.03.2018 13:09:00.
     1>Project "C:\Users\User\Documents\Visual Studio 2013\Projects\C++\lab5\lab5\lab5.vcxproj" on node 2 (Build target(s)).
     1>ClCompile:
         G:\Program Files\Microsoft Visual Studio 12.0\VC\bin\CL.exe /c /ZI /nologo /W3 /WX- /sdl /Od /Oy- /D WIN32 /D _DEBUG /D _CONSOLE /D _LIB /D _UNICODE /D UNICODE /Gm /EHsc /RTC1 /MDd /GS /fp:precise /Zc:wchar_t /Zc:forScope /Yu"stdafx.h" /Fp"Debug\lab5.pch" /Fo"Debug\\" /Fd"Debug\vc120.pdb" /Gd /TP /analyze- /errorReport:prompt lab5.cpp
         lab5.cpp
     1>c:\users\user\documents\visual studio 2013\projects\c++\lab5\lab5\lab5.cpp(60): warning C4244: 'argument' : conversion from 'time_t' to 'unsigned int', possible loss of data
     1>c:\users\user\documents\visual studio 2013\projects\c++\lab5\lab5\lab5.cpp(38): warning C4244: '=' : conversion from 'double' to 'int', possible loss of data
                 c:\users\user\documents\visual studio 2013\projects\c++\lab5\lab5\lab5.cpp(80) : see reference to function template instantiation 'void SortArray<int*>(T &,int)' being compiled
                 with
                 [
                     T=int *
                 ]
     1>c:\users\user\documents\visual studio 2013\projects\c++\lab5\lab5\lab5.cpp(38): warning C4244: '=' : conversion from 'double' to 'char', possible loss of data
                 c:\users\user\documents\visual studio 2013\projects\c++\lab5\lab5\lab5.cpp(88) : see reference to function template instantiation 'void SortArray<char*>(T &,int)' being compiled
                 with
                 [
                     T=char *
                 ]
       Link:
         G:\Program Files\Microsoft Visual Studio 12.0\VC\bin\link.exe /ERRORREPORT:PROMPT /OUT:"C:\Users\User\Documents\Visual Studio 2013\Projects\C++\lab5\Debug\lab5.exe" /INCREMENTAL /NOLOGO kernel32.lib user32.lib gdi32.lib winspool.lib comdlg32.lib advapi32.lib shell32.lib ole32.lib oleaut32.lib uuid.lib odbc32.lib odbccp32.lib /MANIFEST /MANIFESTUAC:"level='asInvoker' uiAccess='false'" /manifest:embed /DEBUG /PDB:"C:\Users\User\Documents\Visual Studio 2013\Projects\C++\lab5\Debug\lab5.pdb" /SUBSYSTEM:CONSOLE /TLBID:1 /DYNAMICBASE /NXCOMPAT /IMPLIB:"C:\Users\User\Documents\Visual Studio 2013\Projects\C++\lab5\Debug\lab5.lib" /MACHINE:X86 Debug\lab5.obj
         Debug\stdafx.obj
         lab5.vcxproj -> C:\Users\User\Documents\Visual Studio 2013\Projects\C++\lab5\Debug\lab5.exe
     1>Done Building Project "C:\Users\User\Documents\Visual Studio 2013\Projects\C++\lab5\lab5\lab5.vcxproj" (Build target(s)).

Build succeeded.

Time Elapsed 00:00:01.01
